Detecting C [-std=c11] compiler features failed to compile with the following output:
Change Dir: /home/joe/Documents/playground/DesignPatterns/Section6:Singleton/34.-SingletonInDependencyInjection/CMakeFiles/CMakeTmp

Run Build Command:"/usr/bin/make" "cmTC_75a58/fast"
/usr/bin/make -f CMakeFiles/cmTC_75a58.dir/build.make CMakeFiles/cmTC_75a58.dir/build
make[1]: Entering directory '/home/joe/Documents/playground/DesignPatterns/Section6:Singleton/34.-SingletonInDependencyInjection/CMakeFiles/CMakeTmp'
CMakeFiles/cmTC_75a58.dir/build.make:64: *** target pattern contains no '%'.  Stop.
make[1]: Leaving directory '/home/joe/Documents/playground/DesignPatterns/Section6:Singleton/34.-SingletonInDependencyInjection/CMakeFiles/CMakeTmp'
Makefile:126: recipe for target 'cmTC_75a58/fast' failed
make: *** [cmTC_75a58/fast] Error 2



Detecting CXX [-std=c++1z] compiler features failed to compile with the following output:
Change Dir: /home/joe/Documents/playground/DesignPatterns/Section6:Singleton/34.-SingletonInDependencyInjection/CMakeFiles/CMakeTmp

Run Build Command:"/usr/bin/make" "cmTC_f7ba0/fast"
/usr/bin/make -f CMakeFiles/cmTC_f7ba0.dir/build.make CMakeFiles/cmTC_f7ba0.dir/build
make[1]: Entering directory '/home/joe/Documents/playground/DesignPatterns/Section6:Singleton/34.-SingletonInDependencyInjection/CMakeFiles/CMakeTmp'
CMakeFiles/cmTC_f7ba0.dir/build.make:64: *** target pattern contains no '%'.  Stop.
make[1]: Leaving directory '/home/joe/Documents/playground/DesignPatterns/Section6:Singleton/34.-SingletonInDependencyInjection/CMakeFiles/CMakeTmp'
Makefile:126: recipe for target 'cmTC_f7ba0/fast' failed
make: *** [cmTC_f7ba0/fast] Error 2



Determining if the pthread_create exist failed with the following output:
Change Dir: /home/joe/Documents/playground/DesignPatterns/Section6:Singleton/34.-SingletonInDependencyInjection/CMakeFiles/CMakeTmp

Run Build Command:"/usr/bin/make" "cmTC_b0cc0/fast"
/usr/bin/make -f CMakeFiles/cmTC_b0cc0.dir/build.make CMakeFiles/cmTC_b0cc0.dir/build
make[1]: Entering directory '/home/joe/Documents/playground/DesignPatterns/Section6:Singleton/34.-SingletonInDependencyInjection/CMakeFiles/CMakeTmp'
Building C object CMakeFiles/cmTC_b0cc0.dir/CheckSymbolExists.c.o
/usr/bin/cc    -o CMakeFiles/cmTC_b0cc0.dir/CheckSymbolExists.c.o   -c /home/joe/Documents/playground/DesignPatterns/Section6:Singleton/34.-SingletonInDependencyInjection/CMakeFiles/CMakeTmp/CheckSymbolExists.c
Linking C executable cmTC_b0cc0
/usr/bin/cmake -E cmake_link_script CMakeFiles/cmTC_b0cc0.dir/link.txt --verbose=1
/usr/bin/cc      -rdynamic CMakeFiles/cmTC_b0cc0.dir/CheckSymbolExists.c.o  -o cmTC_b0cc0 
CMakeFiles/cmTC_b0cc0.dir/CheckSymbolExists.c.o: In function `main':
CheckSymbolExists.c:(.text+0x1b): undefined reference to `pthread_create'
collect2: error: ld returned 1 exit status
CMakeFiles/cmTC_b0cc0.dir/build.make:97: recipe for target 'cmTC_b0cc0' failed
make[1]: *** [cmTC_b0cc0] Error 1
make[1]: Leaving directory '/home/joe/Documents/playground/DesignPatterns/Section6:Singleton/34.-SingletonInDependencyInjection/CMakeFiles/CMakeTmp'
Makefile:126: recipe for target 'cmTC_b0cc0/fast' failed
make: *** [cmTC_b0cc0/fast] Error 2

File /home/joe/Documents/playground/DesignPatterns/Section6:Singleton/34.-SingletonInDependencyInjection/CMakeFiles/CMakeTmp/CheckSymbolExists.c:
/* */
#include <pthread.h>

int main(int argc, char** argv)
{
  (void)argv;
#ifndef pthread_create
  return ((int*)(&pthread_create))[argc];
#else
  (void)argc;
  return 0;
#endif
}

Determining if the function pthread_create exists in the pthreads failed with the following output:
Change Dir: /home/joe/Documents/playground/DesignPatterns/Section6:Singleton/34.-SingletonInDependencyInjection/CMakeFiles/CMakeTmp

Run Build Command:"/usr/bin/make" "cmTC_44996/fast"
/usr/bin/make -f CMakeFiles/cmTC_44996.dir/build.make CMakeFiles/cmTC_44996.dir/build
make[1]: Entering directory '/home/joe/Documents/playground/DesignPatterns/Section6:Singleton/34.-SingletonInDependencyInjection/CMakeFiles/CMakeTmp'
Building C object CMakeFiles/cmTC_44996.dir/CheckFunctionExists.c.o
/usr/bin/cc   -DCHECK_FUNCTION_EXISTS=pthread_create   -o CMakeFiles/cmTC_44996.dir/CheckFunctionExists.c.o   -c /usr/share/cmake-3.10/Modules/CheckFunctionExists.c
Linking C executable cmTC_44996
/usr/bin/cmake -E cmake_link_script CMakeFiles/cmTC_44996.dir/link.txt --verbose=1
/usr/bin/cc  -DCHECK_FUNCTION_EXISTS=pthread_create    -rdynamic CMakeFiles/cmTC_44996.dir/CheckFunctionExists.c.o  -o cmTC_44996 -lpthreads 
/usr/bin/ld: cannot find -lpthreads
collect2: error: ld returned 1 exit status
CMakeFiles/cmTC_44996.dir/build.make:97: recipe for target 'cmTC_44996' failed
make[1]: *** [cmTC_44996] Error 1
make[1]: Leaving directory '/home/joe/Documents/playground/DesignPatterns/Section6:Singleton/34.-SingletonInDependencyInjection/CMakeFiles/CMakeTmp'
Makefile:126: recipe for target 'cmTC_44996/fast' failed
make: *** [cmTC_44996/fast] Error 2


